2020-01-26 13:58:58.0842 [DEBUG] Validating model...
2020-01-26 13:58:58.1821 [DEBUG] Model validated
2020-01-26 13:58:58.1821 [DEBUG] Authenticating with server...
2020-01-26 13:58:58.6391 [DEBUG] Connected to room. (118146:SceneFusion:SceneFusion)
2020-01-26 13:58:58.6411 [INFO] Connected to server.
2020-01-26 13:58:58.6411 [DEBUG] OS : Microsoft Windows NT 10.0.18362.0
2020-01-26 13:58:58.6411 [DEBUG] Unity Version : 2019.2.19f1
2020-01-26 13:58:58.6411 [DEBUG] Pro License : False
2020-01-26 13:58:58.6421 [DEBUG] Platform : WindowsEditor
2020-01-26 13:58:58.6440 [DEBUG] Build Target : StandaloneWindows
2020-01-26 13:58:58.6440 [DEBUG] Scene Fusion version : 1.8.6
2020-01-26 13:58:58.6440 [DEBUG] Scene Fusion client build : 0
2020-01-26 13:58:58.6440 [DEBUG] User : sugsugyduol@gmail.com
2020-01-26 13:58:58.6440 [DEBUG] Waiting for server response
2020-01-26 13:58:58.7289 [DEBUG] Tier: Free, Permissions: 00000200
2020-01-26 13:58:58.7289 [DEBUG] User Permissions: FFFFFFFF
2020-01-26 13:58:58.9109 [DEBUG] No stand-in for UnityEngine.LocalizationAsset
2020-01-26 13:58:58.9109 [DEBUG] No stand-in for UnityEngine.ProceduralMaterial
2020-01-26 13:58:58.9109 [DEBUG] No stand-in for UnityEngine.ProceduralTexture
2020-01-26 13:58:58.9109 [DEBUG] No stand-in for UnityEngine.TerrainLayer
2020-01-26 13:58:58.9109 [DEBUG] No stand-in for UnityEngine.Experimental.VFX.VisualEffectAsset
2020-01-26 13:58:59.1364 [DEBUG] Uploading scene 'Launcher'
2020-01-26 13:58:59.1384 [DEBUG] Spawn request. (Objects: 2)
2020-01-26 13:58:59.3323 [DEBUG] Loading complete
2020-01-26 13:59:46.0605 [DEBUG] Spawn request. (Objects: 1)
2020-01-26 14:00:42.6855 [DEBUG] Disconnecting from room (118146:SceneFusion:SceneFusion)
2020-01-26 14:00:42.6865 [INFO] Disconnected from server.
2020-01-26 14:00:42.6875 [DEBUG] Disconnect. (Duration: 104)
